<?xml version="1.0" encoding="UTF-8"?>
<!-- Generated by org.testng.reporters.JUnitXMLReporter -->
<testsuite hostname="DESKTOP-2NU63VI" ignored="26" name="Regression Test" tests="41" failures="1" timestamp="2021-06-28T02:33:20 EET" time="109.364" errors="0">
  <testcase name="UserCanCompareProducts" time="11.839" classname="tests.AddProductToCompareTest"/>
  <testcase name="UserCanClearCompareProductList" time="1.62" classname="tests.AddProductToCompareTest"/>
  <testcase name="userCanSearchForProductWithAutoSuggest" time="2.721" classname="tests.AddProductToShoppingCartTest"/>
  <testcase name="UserCanAddProductToShoppingCart" time="2.882" classname="tests.AddProductToShoppingCartTest"/>
  <testcase name="UserCanUpdateProductQuantiy" time="0.857" classname="tests.AddProductToShoppingCartTest"/>
  <testcase name="UserCanRemoveFromCart" time="1.291" classname="tests.AddProductToShoppingCartTest"/>
  <testcase name="userCanSearchForProductWithAutoSuggest" time="1.926" classname="tests.AddProductToWishlistTest"/>
  <testcase name="UserCanAddProductToWishlist" time="0.723" classname="tests.AddProductToWishlistTest"/>
  <testcase name="UserCanRemoveProductFromWishlist" time="0.524" classname="tests.AddProductToWishlistTest"/>
  <testcase name="UserCanChangeCurrency" time="2.39" classname="tests.ChangeCurrencyTest"/>
  <testcase name="userCanSearchForProductWithAutoSuggest" time="2.17" classname="tests.ChangeCurrencyTest"/>
  <testcase name="UserCanUseContactUs" time="2.668" classname="tests.ContactUsTest"/>
  <testcase name="userCanSearchForProductWithAutoSuggest" time="2.501" classname="tests.GuestCheckoutProductFromCart"/>
  <testcase name="UserCanAddProductToShoppingCart" time="1.741" classname="tests.GuestCheckoutProductFromCart">
    <failure type="java.lang.AssertionError" message="expected [true] but found [false]">
      <![CDATA[java.lang.AssertionError: expected [true] but found [false]
at tests.GuestCheckoutProductFromCart.UserCanAddProductToShoppingCart(GuestCheckoutProductFromCart.java:42)
at java.util.ArrayList.forEach(Unknown Source)
... Removed 31 stack frames]]>
    </failure>
  </testcase> <!-- UserCanAddProductToShoppingCart -->
  <testcase name="GuestUserCanCheckoutProduct" time="6.695" classname="tests.GuestCheckoutProductFromCart"/>
  <testcase name="UserCanViewOrderDetails" time="5.908" classname="tests.GuestCheckoutProductFromCart"/>
  <testcase name="UserCanSelectSubCategoryFromMainMenu" time="3.163" classname="tests.ProductHoverMenuTest"/>
  <testcase name="userCanSearchForProduct" time="1.829" classname="tests.SearchProductTest"/>
  <testcase name="userCanSearchForProductWithAutoSuggest" time="1.939" classname="tests.SearchProductUsingAutoSuggestTest"/>
  <testcase name="UserCanRegisterSuccessfully" time="3.155" classname="tests.UserRegistrationTest"/>
  <testcase name="RegisteredUserCanLogout" time="1.007" classname="tests.UserRegistrationTest"/>
  <testcase name="RegisteredUserCanLogin" time="3.535" classname="tests.UserRegistrationTest"/>
  <testcase name="RegisteredUserCanLogoutAgain" time="1.713" classname="tests.UserRegistrationTest"/>
  <testcase name="UserCanRegisterSuccessfully" time="2.096" classname="tests.AddProductReviewTest"/>
  <testcase name="userCanSearchForProductWithAutoSuggest" time="2.03" classname="tests.AddProductReviewTest"/>
  <testcase name="RegisteredUserCanReviewProduct" time="2.45" classname="tests.AddProductReviewTest"/>
  <testcase name="RegisteredUserCanLogout" time="0.9" classname="tests.AddProductReviewTest"/>
  <testcase name="UserCanRegisterSuccessfully" time="2.109" classname="tests.EmailFriendTest"/>
  <testcase name="userCanSearchForProductWithAutoSuggest" time="2.017" classname="tests.EmailFriendTest"/>
  <testcase name="RegisteredUserCanSendProductToFriend" time="2.429" classname="tests.EmailFriendTest"/>
  <testcase name="RegisteredUserCanLogout" time="0.874" classname="tests.EmailFriendTest"/>
  <testcase name="UserCanRegisterSuccessfully" time="2.107" classname="tests.MyAccountTest"/>
  <testcase name="RegisteredUserCanChangePW" time="2.968" classname="tests.MyAccountTest"/>
  <testcase name="RegisteredUserCanLogoutAfterChangePW" time="1.675" classname="tests.MyAccountTest"/>
  <testcase name="RegisteredUserCanLogin" time="2.832" classname="tests.MyAccountTest"/>
  <testcase name="RegisteredUserCanLogout" time="0.996" classname="tests.MyAccountTest"/>
  <testcase name="UserCanRegisterSuccessfully" time="2.099" classname="tests.RegisteredUserCheckOutTest"/>
  <testcase name="userCanSearchForProductWithAutoSuggest" time="1.948" classname="tests.RegisteredUserCheckOutTest"/>
  <testcase name="UserCanAddProductToShoppingCart" time="1.739" classname="tests.RegisteredUserCheckOutTest"/>
  <testcase name="UserCanCheckoutProduct" time="12.091" classname="tests.RegisteredUserCheckOutTest"/>
  <testcase name="RegisteredUserCanLogout" time="0.904" classname="tests.RegisteredUserCheckOutTest"/>
  <testcase name="@AfterSuite stopDriver" time="0.0" classname="tests.TestBase">
    <ignored/>
  </testcase> <!-- @AfterSuite stopDriver -->
  <testcase name="@AfterSuite stopDriver" time="0.0" classname="tests.TestBase">
    <ignored/>
  </testcase> <!-- @AfterSuite stopDriver -->
  <testcase name="@AfterSuite stopDriver" time="0.0" classname="tests.TestBase">
    <ignored/>
  </testcase> <!-- @AfterSuite stopDriver -->
  <testcase name="@AfterSuite stopDriver" time="0.0" classname="tests.TestBase">
    <ignored/>
  </testcase> <!-- @AfterSuite stopDriver -->
  <testcase name="@AfterSuite stopDriver" time="0.0" classname="tests.TestBase">
    <ignored/>
  </testcase> <!-- @AfterSuite stopDriver -->
  <testcase name="@AfterSuite stopDriver" time="0.0" classname="tests.TestBase">
    <ignored/>
  </testcase> <!-- @AfterSuite stopDriver -->
  <testcase name="@AfterSuite stopDriver" time="0.0" classname="tests.TestBase">
    <ignored/>
  </testcase> <!-- @AfterSuite stopDriver -->
  <testcase name="@AfterSuite stopDriver" time="0.0" classname="tests.TestBase">
    <ignored/>
  </testcase> <!-- @AfterSuite stopDriver -->
  <testcase name="@AfterSuite stopDriver" time="0.0" classname="tests.TestBase">
    <ignored/>
  </testcase> <!-- @AfterSuite stopDriver -->
  <testcase name="@AfterSuite stopDriver" time="0.0" classname="tests.TestBase">
    <ignored/>
  </testcase> <!-- @AfterSuite stopDriver -->
  <testcase name="@AfterSuite stopDriver" time="0.0" classname="tests.TestBase">
    <ignored/>
  </testcase> <!-- @AfterSuite stopDriver -->
  <testcase name="@AfterSuite stopDriver" time="0.0" classname="tests.TestBase">
    <ignored/>
  </testcase> <!-- @AfterSuite stopDriver -->
  <testcase name="@AfterSuite stopDriver" time="0.0" classname="tests.TestBase">
    <ignored/>
  </testcase> <!-- @AfterSuite stopDriver -->
  <testcase name="@BeforeSuite startDriver" time="0.0" classname="tests.TestBase">
    <ignored/>
  </testcase> <!-- @BeforeSuite startDriver -->
  <testcase name="@BeforeSuite startDriver" time="0.0" classname="tests.TestBase">
    <ignored/>
  </testcase> <!-- @BeforeSuite startDriver -->
  <testcase name="@BeforeSuite startDriver" time="0.0" classname="tests.TestBase">
    <ignored/>
  </testcase> <!-- @BeforeSuite startDriver -->
  <testcase name="@BeforeSuite startDriver" time="0.0" classname="tests.TestBase">
    <ignored/>
  </testcase> <!-- @BeforeSuite startDriver -->
  <testcase name="@BeforeSuite startDriver" time="0.0" classname="tests.TestBase">
    <ignored/>
  </testcase> <!-- @BeforeSuite startDriver -->
  <testcase name="@BeforeSuite startDriver" time="0.0" classname="tests.TestBase">
    <ignored/>
  </testcase> <!-- @BeforeSuite startDriver -->
  <testcase name="@BeforeSuite startDriver" time="0.0" classname="tests.TestBase">
    <ignored/>
  </testcase> <!-- @BeforeSuite startDriver -->
  <testcase name="@BeforeSuite startDriver" time="0.0" classname="tests.TestBase">
    <ignored/>
  </testcase> <!-- @BeforeSuite startDriver -->
  <testcase name="@BeforeSuite startDriver" time="0.0" classname="tests.TestBase">
    <ignored/>
  </testcase> <!-- @BeforeSuite startDriver -->
  <testcase name="@BeforeSuite startDriver" time="0.0" classname="tests.TestBase">
    <ignored/>
  </testcase> <!-- @BeforeSuite startDriver -->
  <testcase name="@BeforeSuite startDriver" time="0.0" classname="tests.TestBase">
    <ignored/>
  </testcase> <!-- @BeforeSuite startDriver -->
  <testcase name="@BeforeSuite startDriver" time="0.0" classname="tests.TestBase">
    <ignored/>
  </testcase> <!-- @BeforeSuite startDriver -->
  <testcase name="@BeforeSuite startDriver" time="0.0" classname="tests.TestBase">
    <ignored/>
  </testcase> <!-- @BeforeSuite startDriver -->
</testsuite> <!-- Regression Test -->
